[@sentry/nextjs] It appears you've configured a `sentry.server.config.js` file. Please ensure to put this file's content into the `register()` function of a Next.js instrumentation file instead. To ensure correct functionality of the SDK, `Sentry.init` must be called inside of an instrumentation file. Learn more about setting up an instrumentation file in Next.js: https://nextjs.org/docs/app/building-your-application/optimizing/instrumentation. You can safely delete the `sentry.server.config.js` file afterward.
[@sentry/nextjs] It appears you've configured a `sentry.edge.config.js` file. Please ensure to put this file's content into the `register()` function of a Next.js instrumentation file instead. To ensure correct functionality of the SDK, `Sentry.init` must be called inside of an instrumentation file. Learn more about setting up an instrumentation file in Next.js: https://nextjs.org/docs/app/building-your-application/optimizing/instrumentation. You can safely delete the `sentry.edge.config.js` file afterward.
[Error: EPERM: operation not permitted, open 'E:\ServiZephyr_codebase\ServiZephyrTheRealBot\.next\trace'] {
  errno: -4048,
  code: 'EPERM',
  syscall: 'open',
  path: 'E:\\ServiZephyr_codebase\\ServiZephyrTheRealBot\\.next\\trace'
}
 ⨯ TypeError: __webpack_require__.a is not a function
    at eval (webpack-internal:///(rsc)/./node_modules/next/dist/build/webpack/loaders/next-app-loader.js?name=app%2Fapi%2Fowner%2Fsettings%2Froute&page=%2Fapi%2Fowner%2Fsettings%2Froute&appPaths=&pagePath=private-next-app-dir%2Fapi%2Fowner%2Fsettings%2Froute.js&appDir=E%3A%5CServiZephyr_codebase%5CServiZephyrTheRealBot%5Csrc%5Capp&pageExtensions=tsx&pageExtensions=ts&pageExtensions=jsx&pageExtensions=js&rootDir=E%3A%5CServiZephyr_codebase%5CServiZephyrTheRealBot&isDev=true&tsconfigPath=tsconfig.json&basePath=&assetPrefix=&nextConfigOutput=standalone&preferredRegion=&middlewareConfig=e30%3D!:1:21)
    at (rsc)/./node_modules/next/dist/build/webpack/loaders/next-app-loader.js?name=app%2Fapi%2Fowner%2Fsettings%2Froute&page=%2Fapi%2Fowner%2Fsettings%2Froute&appPaths=&pagePath=private-next-app-dir%2Fapi%2Fowner%2Fsettings%2Froute.js&appDir=E%3A%5CServiZephyr_codebase%5CServiZephyrTheRealBot%5Csrc%5Capp&pageExtensions=tsx&pageExtensions=ts&pageExtensions=jsx&pageExtensions=js&rootDir=E%3A%5CServiZephyr_codebase%5CServiZephyrTheRealBot&isDev=true&tsconfigPath=tsconfig.json&basePath=&assetPrefix=&nextConfigOutput=standalone&preferredRegion=&middlewareConfig=e30%3D! (E:\ServiZephyr_codebase\ServiZephyrTheRealBot\.next\server\app\api\owner\settings\route.js:592:1)
    at __webpack_require__ (E:\ServiZephyr_codebase\ServiZephyrTheRealBot\.next\server\webpack-runtime.js:33:43)
    at __webpack_exec__ (E:\ServiZephyr_codebase\ServiZephyrTheRealBot\.next\server\app\api\owner\settings\route.js:701:39)
    at E:\ServiZephyr_codebase\ServiZephyrTheRealBot\.next\server\app\api\owner\settings\route.js:702:1082
    at __webpack_require__.X (E:\ServiZephyr_codebase\ServiZephyrTheRealBot\.next\server\webpack-runtime.js:166:21)
    at E:\ServiZephyr_codebase\ServiZephyrTheRealBot\.next\server\app\api\owner\settings\route.js:702:47
    at Object.<anonymous> (E:\ServiZephyr_codebase\ServiZephyrTheRealBot\.next\server\app\api\owner\settings\route.js:705:3)
    at Module._compile (node:internal/modules/cjs/loader:1469:14)
    at Module._extensions..js (node:internal/modules/cjs/loader:1548:10)
    at Module.load (node:internal/modules/cjs/loader:1288:32)
    at Module._load (node:internal/modules/cjs/loader:1104:12)
    at Module.require (node:internal/modules/cjs/loader:1311:19)
    at mod.require (E:\ServiZephyr_codebase\ServiZephyrTheRealBot\node_modules\next\dist\server\require-hook.js:65:28)
    at require (node:internal/modules/helpers:179:18)
    at requirePage (E:\ServiZephyr_codebase\ServiZephyrTheRealBot\node_modules\next\dist\server\require.js:109:84)
    at E:\ServiZephyr_codebase\ServiZephyrTheRealBot\node_modules\next\dist\server\load-components.js:103:84
    at async loadComponentsImpl (E:\ServiZephyr_codebase\ServiZephyrTheRealBot\node_modules\next\dist\server\load-components.js:103:26)
    at async DevServer.findPageComponentsImpl (E:\ServiZephyr_codebase\ServiZephyrTheRealBot\node_modules\next\dist\server\next-server.js:714:36)
    at async DevServer.findPageComponents (E:\ServiZephyr_codebase\ServiZephyrTheRealBot\node_modules\next\dist\server\dev\next-dev-server.js:577:20)
    at async DevServer.renderPageComponent (E:\ServiZephyr_codebase\ServiZephyrTheRealBot\node_modules\next\dist\server\base-server.js:1910:24)
    at async DevServer.renderToResponseImpl (E:\ServiZephyr_codebase\ServiZephyrTheRealBot\node_modules\next\dist\server\base-server.js:1962:32)
    at async DevServer.pipeImpl (E:\ServiZephyr_codebase\ServiZephyrTheRealBot\node_modules\next\dist\server\base-server.js:922:25)
    at async NextNodeServer.handleCatchallRenderRequest (E:\ServiZephyr_codebase\ServiZephyrTheRealBot\node_modules\next\dist\server\next-server.js:272:17)
    at async DevServer.handleRequestImpl (E:\ServiZephyr_codebase\ServiZephyrTheRealBot\node_modules\next\dist\server\base-server.js:818:17)
    at async E:\ServiZephyr_codebase\ServiZephyrTheRealBot\node_modules\next\dist\server\dev\next-dev-server.js:339:20
    at async Span.traceAsyncFn (E:\ServiZephyr_codebase\ServiZephyrTheRealBot\node_modules\next\dist\trace\trace.js:154:20)
    at async DevServer.handleRequest (E:\ServiZephyr_codebase\ServiZephyrTheRealBot\node_modules\next\dist\server\dev\next-dev-server.js:336:24)
    at async invokeRender (E:\ServiZephyr_codebase\ServiZephyrTheRealBot\node_modules\next\dist\server\lib\router-server.js:179:21)
    at async handleRequest (E:\ServiZephyr_codebase\ServiZephyrTheRealBot\node_modules\next\dist\server\lib\router-server.js:359:24)
    at async requestHandlerImpl (E:\ServiZephyr_codebase\ServiZephyrTheRealBot\node_modules\next\dist\server\lib\router-server.js:383:13)
    at async Server.requestListener (E:\ServiZephyr_codebase\ServiZephyrTheRealBot\node_modules\next\dist\server\lib\start-server.js:141:13) {
  page: '/api/owner/settings'
}
 ⨯ TypeError: __webpack_require__.a is not a function
    at eval (webpack-internal:///(rsc)/./node_modules/next/dist/build/webpack/loaders/next-app-loader.js?name=app%2Fapi%2Fauth%2Flogout%2Froute&page=%2Fapi%2Fauth%2Flogout%2Froute&appPaths=&pagePath=private-next-app-dir%2Fapi%2Fauth%2Flogout%2Froute.js&appDir=E%3A%5CServiZephyr_codebase%5CServiZephyrTheRealBot%5Csrc%5Capp&pageExtensions=tsx&pageExtensions=ts&pageExtensions=jsx&pageExtensions=js&rootDir=E%3A%5CServiZephyr_codebase%5CServiZephyrTheRealBot&isDev=true&tsconfigPath=tsconfig.json&basePath=&assetPrefix=&nextConfigOutput=standalone&preferredRegion=&middlewareConfig=e30%3D!:1:21)
    at (rsc)/./node_modules/next/dist/build/webpack/loaders/next-app-loader.js?name=app%2Fapi%2Fauth%2Flogout%2Froute&page=%2Fapi%2Fauth%2Flogout%2Froute&appPaths=&pagePath=private-next-app-dir%2Fapi%2Fauth%2Flogout%2Froute.js&appDir=E%3A%5CServiZephyr_codebase%5CServiZephyrTheRealBot%5Csrc%5Capp&pageExtensions=tsx&pageExtensions=ts&pageExtensions=jsx&pageExtensions=js&rootDir=E%3A%5CServiZephyr_codebase%5CServiZephyrTheRealBot&isDev=true&tsconfigPath=tsconfig.json&basePath=&assetPrefix=&nextConfigOutput=standalone&preferredRegion=&middlewareConfig=e30%3D! (E:\ServiZephyr_codebase\ServiZephyrTheRealBot\.next\server\app\api\auth\logout\route.js:526:1)
    at __webpack_require__ (E:\ServiZephyr_codebase\ServiZephyrTheRealBot\.next\server\webpack-runtime.js:33:43)
    at __webpack_exec__ (E:\ServiZephyr_codebase\ServiZephyrTheRealBot\.next\server\app\api\auth\logout\route.js:580:39)
    at E:\ServiZephyr_codebase\ServiZephyrTheRealBot\.next\server\app\api\auth\logout\route.js:581:435
    at __webpack_require__.X (E:\ServiZephyr_codebase\ServiZephyrTheRealBot\.next\server\webpack-runtime.js:166:21)
    at E:\ServiZephyr_codebase\ServiZephyrTheRealBot\.next\server\app\api\auth\logout\route.js:581:47
    at Object.<anonymous> (E:\ServiZephyr_codebase\ServiZephyrTheRealBot\.next\server\app\api\auth\logout\route.js:584:3)
    at Module._compile (node:internal/modules/cjs/loader:1469:14)
    at Module._extensions..js (node:internal/modules/cjs/loader:1548:10)
    at Module.load (node:internal/modules/cjs/loader:1288:32)
    at Module._load (node:internal/modules/cjs/loader:1104:12)
    at Module.require (node:internal/modules/cjs/loader:1311:19)
    at mod.require (E:\ServiZephyr_codebase\ServiZephyrTheRealBot\node_modules\next\dist\server\require-hook.js:65:28)
    at require (node:internal/modules/helpers:179:18)
    at requirePage (E:\ServiZephyr_codebase\ServiZephyrTheRealBot\node_modules\next\dist\server\require.js:109:84)
    at E:\ServiZephyr_codebase\ServiZephyrTheRealBot\node_modules\next\dist\server\load-components.js:103:84
    at async loadComponentsImpl (E:\ServiZephyr_codebase\ServiZephyrTheRealBot\node_modules\next\dist\server\load-components.js:103:26)
    at async DevServer.findPageComponentsImpl (E:\ServiZephyr_codebase\ServiZephyrTheRealBot\node_modules\next\dist\server\next-server.js:714:36)
    at async DevServer.findPageComponents (E:\ServiZephyr_codebase\ServiZephyrTheRealBot\node_modules\next\dist\server\dev\next-dev-server.js:577:20)
    at async DevServer.renderPageComponent (E:\ServiZephyr_codebase\ServiZephyrTheRealBot\node_modules\next\dist\server\base-server.js:1910:24)
    at async DevServer.renderToResponseImpl (E:\ServiZephyr_codebase\ServiZephyrTheRealBot\node_modules\next\dist\server\base-server.js:1962:32)
    at async DevServer.pipeImpl (E:\ServiZephyr_codebase\ServiZephyrTheRealBot\node_modules\next\dist\server\base-server.js:922:25)
    at async NextNodeServer.handleCatchallRenderRequest (E:\ServiZephyr_codebase\ServiZephyrTheRealBot\node_modules\next\dist\server\next-server.js:272:17)
    at async DevServer.handleRequestImpl (E:\ServiZephyr_codebase\ServiZephyrTheRealBot\node_modules\next\dist\server\base-server.js:818:17)
    at async E:\ServiZephyr_codebase\ServiZephyrTheRealBot\node_modules\next\dist\server\dev\next-dev-server.js:339:20
    at async Span.traceAsyncFn (E:\ServiZephyr_codebase\ServiZephyrTheRealBot\node_modules\next\dist\trace\trace.js:154:20)
    at async DevServer.handleRequest (E:\ServiZephyr_codebase\ServiZephyrTheRealBot\node_modules\next\dist\server\dev\next-dev-server.js:336:24)
    at async invokeRender (E:\ServiZephyr_codebase\ServiZephyrTheRealBot\node_modules\next\dist\server\lib\router-server.js:179:21)
    at async handleRequest (E:\ServiZephyr_codebase\ServiZephyrTheRealBot\node_modules\next\dist\server\lib\router-server.js:359:24)
    at async requestHandlerImpl (E:\ServiZephyr_codebase\ServiZephyrTheRealBot\node_modules\next\dist\server\lib\router-server.js:383:13)
    at async Server.requestListener (E:\ServiZephyr_codebase\ServiZephyrTheRealBot\node_modules\next\dist\server\lib\start-server.js:141:13) {
  page: '/api/auth/logout'
}
 ⨯ TypeError: __webpack_require__.a is not a function
    at eval (webpack-internal:///(rsc)/./node_modules/next/dist/build/webpack/loaders/next-app-loader.js?name=app%2Fapi%2Fowner%2Fsettings%2Froute&page=%2Fapi%2Fowner%2Fsettings%2Froute&appPaths=&pagePath=private-next-app-dir%2Fapi%2Fowner%2Fsettings%2Froute.js&appDir=E%3A%5CServiZephyr_codebase%5CServiZephyrTheRealBot%5Csrc%5Capp&pageExtensions=tsx&pageExtensions=ts&pageExtensions=jsx&pageExtensions=js&rootDir=E%3A%5CServiZephyr_codebase%5CServiZephyrTheRealBot&isDev=true&tsconfigPath=tsconfig.json&basePath=&assetPrefix=&nextConfigOutput=standalone&preferredRegion=&middlewareConfig=e30%3D!:1:21)
    at (rsc)/./node_modules/next/dist/build/webpack/loaders/next-app-loader.js?name=app%2Fapi%2Fowner%2Fsettings%2Froute&page=%2Fapi%2Fowner%2Fsettings%2Froute&appPaths=&pagePath=private-next-app-dir%2Fapi%2Fowner%2Fsettings%2Froute.js&appDir=E%3A%5CServiZephyr_codebase%5CServiZephyrTheRealBot%5Csrc%5Capp&pageExtensions=tsx&pageExtensions=ts&pageExtensions=jsx&pageExtensions=js&rootDir=E%3A%5CServiZephyr_codebase%5CServiZephyrTheRealBot&isDev=true&tsconfigPath=tsconfig.json&basePath=&assetPrefix=&nextConfigOutput=standalone&preferredRegion=&middlewareConfig=e30%3D! (E:\ServiZephyr_codebase\ServiZephyrTheRealBot\.next\server\app\api\owner\settings\route.js:592:1)
    at __webpack_require__ (E:\ServiZephyr_codebase\ServiZephyrTheRealBot\.next\server\webpack-runtime.js:33:43)
    at __webpack_exec__ (E:\ServiZephyr_codebase\ServiZephyrTheRealBot\.next\server\app\api\owner\settings\route.js:701:39)
    at E:\ServiZephyr_codebase\ServiZephyrTheRealBot\.next\server\app\api\owner\settings\route.js:702:1082
    at __webpack_require__.X (E:\ServiZephyr_codebase\ServiZephyrTheRealBot\.next\server\webpack-runtime.js:166:21)
    at E:\ServiZephyr_codebase\ServiZephyrTheRealBot\.next\server\app\api\owner\settings\route.js:702:47
    at Object.<anonymous> (E:\ServiZephyr_codebase\ServiZephyrTheRealBot\.next\server\app\api\owner\settings\route.js:705:3)
    at Module._compile (node:internal/modules/cjs/loader:1469:14)
    at Module._extensions..js (node:internal/modules/cjs/loader:1548:10)
    at Module.load (node:internal/modules/cjs/loader:1288:32)
    at Module._load (node:internal/modules/cjs/loader:1104:12)
    at Module.require (node:internal/modules/cjs/loader:1311:19)
    at mod.require (E:\ServiZephyr_codebase\ServiZephyrTheRealBot\node_modules\next\dist\server\require-hook.js:65:28)
    at require (node:internal/modules/helpers:179:18)
    at requirePage (E:\ServiZephyr_codebase\ServiZephyrTheRealBot\node_modules\next\dist\server\require.js:109:84)
    at E:\ServiZephyr_codebase\ServiZephyrTheRealBot\node_modules\next\dist\server\load-components.js:103:84
    at async loadComponentsImpl (E:\ServiZephyr_codebase\ServiZephyrTheRealBot\node_modules\next\dist\server\load-components.js:103:26)
    at async DevServer.findPageComponentsImpl (E:\ServiZephyr_codebase\ServiZephyrTheRealBot\node_modules\next\dist\server\next-server.js:714:36)
    at async DevServer.findPageComponents (E:\ServiZephyr_codebase\ServiZephyrTheRealBot\node_modules\next\dist\server\dev\next-dev-server.js:577:20)
    at async DevServer.renderPageComponent (E:\ServiZephyr_codebase\ServiZephyrTheRealBot\node_modules\next\dist\server\base-server.js:1910:24)
    at async DevServer.renderToResponseImpl (E:\ServiZephyr_codebase\ServiZephyrTheRealBot\node_modules\next\dist\server\base-server.js:1962:32)
    at async DevServer.pipeImpl (E:\ServiZephyr_codebase\ServiZephyrTheRealBot\node_modules\next\dist\server\base-server.js:922:25)
    at async NextNodeServer.handleCatchallRenderRequest (E:\ServiZephyr_codebase\ServiZephyrTheRealBot\node_modules\next\dist\server\next-server.js:272:17)
    at async DevServer.handleRequestImpl (E:\ServiZephyr_codebase\ServiZephyrTheRealBot\node_modules\next\dist\server\base-server.js:818:17)
    at async E:\ServiZephyr_codebase\ServiZephyrTheRealBot\node_modules\next\dist\server\dev\next-dev-server.js:339:20
    at async Span.traceAsyncFn (E:\ServiZephyr_codebase\ServiZephyrTheRealBot\node_modules\next\dist\trace\trace.js:154:20)
    at async DevServer.handleRequest (E:\ServiZephyr_codebase\ServiZephyrTheRealBot\node_modules\next\dist\server\dev\next-dev-server.js:336:24)
    at async invokeRender (E:\ServiZephyr_codebase\ServiZephyrTheRealBot\node_modules\next\dist\server\lib\router-server.js:179:21)
    at async handleRequest (E:\ServiZephyr_codebase\ServiZephyrTheRealBot\node_modules\next\dist\server\lib\router-server.js:359:24)
    at async requestHandlerImpl (E:\ServiZephyr_codebase\ServiZephyrTheRealBot\node_modules\next\dist\server\lib\router-server.js:383:13)
    at async Server.requestListener (E:\ServiZephyr_codebase\ServiZephyrTheRealBot\node_modules\next\dist\server\lib\start-server.js:141:13) {
  page: '/api/owner/settings'
}
