
> servizephyr-main-app@0.1.0 dev
> next dev

  Γû▓ Next.js 14.2.33
  - Local:        http://localhost:3000
  - Environments: .env.local

 Γ£ô Starting...
 Γ£ô Ready in 6.4s
 Γùï Compiling /api/owner/service-requests ...
 Γ£ô Compiled /api/owner/service-requests in 1694ms (105 modules)
[firebase-admin] Found FIREBASE_SERVICE_ACCOUNT_JSON env var.
[firebase-admin] Successfully parsed FIREBASE_SERVICE_ACCOUNT_JSON.
[firebase-admin] Firebase Admin SDK initialized successfully.
 GET /api/owner/service-requests 200 in 7458ms
 Γ£ô Compiled /api/dine-in/clean-table in 207ms (108 modules)
[Clean Table] ≡ƒöì Request body: {
  restaurantId: 'ashwanis-restaurant',
  tableId: 'T1',
  tabId: 'tab_123'
}
[Clean Table] Γä╣∩╕Å No token provided - assuming owner request
[Clean Table] Γ¥î Tab tab_123 not found in any location
 PATCH /api/dine-in/clean-table 404 in 5801ms
 Γ£ô Compiled in 127ms (105 modules)
 Γ£ô Compiled in 3.3s (308 modules)
 GET /api/owner/service-requests 200 in 1762ms
